<?xml version="1.0" encoding="UTF-8"?>
<testng-results skipped="0" failed="0" ignored="0" total="12" passed="12">
  <reporter-output>
  </reporter-output>
  <suite name="Default suite" duration-ms="68750" started-at="2017-02-03T08:06:35Z" finished-at="2017-02-03T08:07:44Z">
    <groups>
    </groups>
    <test name="Default test" duration-ms="68750" started-at="2017-02-03T08:06:35Z" finished-at="2017-02-03T08:07:44Z">
      <class name="com.fsoft.selenium.testng.AppTest">
        <test-method status="PASS" signature="excuseKeyword([Ljava.lang.String;)[pri:0, instance:null(com.fsoft.selenium.testng.AppTest)]" name="excuseKeyword" duration-ms="3548" started-at="2017-02-03T15:06:36Z" data-provider="data" finished-at="2017-02-03T15:06:40Z">
          <params>
            <param index="0">
              <value>
                <![CDATA[[Ljava.lang.String;@25e2a451]]>
              </value>
            </param>
          </params>
          <reporter-output>
          </reporter-output>
        </test-method> <!-- excuseKeyword -->
        <test-method status="PASS" signature="excuseKeyword([Ljava.lang.String;)[pri:0, instance:null(com.fsoft.selenium.testng.AppTest)]" name="excuseKeyword" duration-ms="2015" started-at="2017-02-03T15:06:40Z" data-provider="data" finished-at="2017-02-03T15:06:42Z">
          <params>
            <param index="0">
              <value>
                <![CDATA[[Ljava.lang.String;@1698ee84]]>
              </value>
            </param>
          </params>
          <reporter-output>
          </reporter-output>
        </test-method> <!-- excuseKeyword -->
        <test-method status="PASS" signature="excuseKeyword([Ljava.lang.String;)[pri:0, instance:null(com.fsoft.selenium.testng.AppTest)]" name="excuseKeyword" duration-ms="7" started-at="2017-02-03T15:06:42Z" data-provider="data" finished-at="2017-02-03T15:06:42Z">
          <params>
            <param index="0">
              <value>
                <![CDATA[[Ljava.lang.String;@10c626be]]>
              </value>
            </param>
          </params>
          <reporter-output>
          </reporter-output>
        </test-method> <!-- excuseKeyword -->
        <test-method status="PASS" signature="excuseKeyword([Ljava.lang.String;)[pri:0, instance:null(com.fsoft.selenium.testng.AppTest)]" name="excuseKeyword" duration-ms="61" started-at="2017-02-03T15:06:42Z" data-provider="data" finished-at="2017-02-03T15:06:42Z">
          <params>
            <param index="0">
              <value>
                <![CDATA[[Ljava.lang.String;@2fc0cc3]]>
              </value>
            </param>
          </params>
          <reporter-output>
          </reporter-output>
        </test-method> <!-- excuseKeyword -->
        <test-method status="PASS" signature="excuseKeyword([Ljava.lang.String;)[pri:0, instance:null(com.fsoft.selenium.testng.AppTest)]" name="excuseKeyword" duration-ms="80" started-at="2017-02-03T15:06:42Z" data-provider="data" finished-at="2017-02-03T15:06:42Z">
          <params>
            <param index="0">
              <value>
                <![CDATA[[Ljava.lang.String;@328cf0e1]]>
              </value>
            </param>
          </params>
          <reporter-output>
          </reporter-output>
        </test-method> <!-- excuseKeyword -->
        <test-method status="PASS" signature="excuseKeyword([Ljava.lang.String;)[pri:0, instance:null(com.fsoft.selenium.testng.AppTest)]" name="excuseKeyword" duration-ms="3004" started-at="2017-02-03T15:06:42Z" data-provider="data" finished-at="2017-02-03T15:06:45Z">
          <params>
            <param index="0">
              <value>
                <![CDATA[[Ljava.lang.String;@63b1d4fa]]>
              </value>
            </param>
          </params>
          <reporter-output>
          </reporter-output>
        </test-method> <!-- excuseKeyword -->
        <test-method status="PASS" signature="excuseKeyword([Ljava.lang.String;)[pri:0, instance:null(com.fsoft.selenium.testng.AppTest)]" name="excuseKeyword" duration-ms="137" started-at="2017-02-03T15:06:45Z" data-provider="data" finished-at="2017-02-03T15:06:45Z">
          <params>
            <param index="0">
              <value>
                <![CDATA[[Ljava.lang.String;@42e3ede4]]>
              </value>
            </param>
          </params>
          <reporter-output>
          </reporter-output>
        </test-method> <!-- excuseKeyword -->
        <test-method status="PASS" signature="excuseKeyword([Ljava.lang.String;)[pri:0, instance:null(com.fsoft.selenium.testng.AppTest)]" name="excuseKeyword" duration-ms="1444" started-at="2017-02-03T15:06:45Z" data-provider="data" finished-at="2017-02-03T15:06:46Z">
          <params>
            <param index="0">
              <value>
                <![CDATA[[Ljava.lang.String;@201b6b6f]]>
              </value>
            </param>
          </params>
          <reporter-output>
          </reporter-output>
        </test-method> <!-- excuseKeyword -->
        <test-method status="PASS" signature="excuseKeyword([Ljava.lang.String;)[pri:0, instance:null(com.fsoft.selenium.testng.AppTest)]" name="excuseKeyword" duration-ms="1298" started-at="2017-02-03T15:06:46Z" data-provider="data" finished-at="2017-02-03T15:06:48Z">
          <params>
            <param index="0">
              <value>
                <![CDATA[[Ljava.lang.String;@75459c75]]>
              </value>
            </param>
          </params>
          <reporter-output>
          </reporter-output>
        </test-method> <!-- excuseKeyword -->
        <test-method status="PASS" signature="excuseKeyword([Ljava.lang.String;)[pri:0, instance:null(com.fsoft.selenium.testng.AppTest)]" name="excuseKeyword" duration-ms="5" started-at="2017-02-03T15:06:48Z" data-provider="data" finished-at="2017-02-03T15:06:48Z">
          <params>
            <param index="0">
              <value>
                <![CDATA[[Ljava.lang.String;@183e8023]]>
              </value>
            </param>
          </params>
          <reporter-output>
          </reporter-output>
        </test-method> <!-- excuseKeyword -->
        <test-method status="PASS" signature="excuseKeyword([Ljava.lang.String;)[pri:0, instance:null(com.fsoft.selenium.testng.AppTest)]" name="excuseKeyword" duration-ms="56414" started-at="2017-02-03T15:06:48Z" data-provider="data" finished-at="2017-02-03T15:07:44Z">
          <params>
            <param index="0">
              <value>
                <![CDATA[[Ljava.lang.String;@45efc20d]]>
              </value>
            </param>
          </params>
          <reporter-output>
          </reporter-output>
        </test-method> <!-- excuseKeyword -->
        <test-method status="PASS" signature="excuseKeyword([Ljava.lang.String;)[pri:0, instance:null(com.fsoft.selenium.testng.AppTest)]" name="excuseKeyword" duration-ms="2" started-at="2017-02-03T15:07:44Z" data-provider="data" finished-at="2017-02-03T15:07:44Z">
          <params>
            <param index="0">
              <value>
                <![CDATA[[Ljava.lang.String;@3e5499cc]]>
              </value>
            </param>
          </params>
          <reporter-output>
          </reporter-output>
        </test-method> <!-- excuseKeyword -->
      </class> <!-- com.fsoft.selenium.testng.AppTest -->
    </test> <!-- Default test -->
  </suite> <!-- Default suite -->
</testng-results>
