<?xml version="1.0" encoding="UTF-8"?>
<!-- Generated by org.testng.reporters.JUnitXMLReporter -->
<testsuite hostname="CPP00113205A" ignored="0" name="Default test" tests="1" failures="0" timestamp="24 Jan 2017 03:05:17 GMT" time="1.456" errors="0">
  <testcase name="excuseKeyword on null(com.fsoft.selenium.testng.AppTest)" time="0.0" classname="com.fsoft.selenium.testng.AppTest">
    <skipped/>
  </testcase> <!-- excuseKeyword on null(com.fsoft.selenium.testng.AppTest) -->
</testsuite> <!-- Default test -->
