<?xml version="1.0" encoding="UTF-8"?>
<!-- Generated by org.testng.reporters.JUnitXMLReporter -->
<testsuite hostname="CPP00113205A" ignored="0" name="Default test" tests="12" failures="0" timestamp="03 Feb 2017 08:07:44 GMT" time="68.75" errors="0">
  <testcase name="excuseKeyword on null(com.fsoft.selenium.testng.AppTest)" time="3.548" classname="com.fsoft.selenium.testng.AppTest"/>
  <testcase name="excuseKeyword on null(com.fsoft.selenium.testng.AppTest)" time="2.015" classname="com.fsoft.selenium.testng.AppTest"/>
  <testcase name="excuseKeyword on null(com.fsoft.selenium.testng.AppTest)" time="0.007" classname="com.fsoft.selenium.testng.AppTest"/>
  <testcase name="excuseKeyword on null(com.fsoft.selenium.testng.AppTest)" time="0.061" classname="com.fsoft.selenium.testng.AppTest"/>
  <testcase name="excuseKeyword on null(com.fsoft.selenium.testng.AppTest)" time="0.08" classname="com.fsoft.selenium.testng.AppTest"/>
  <testcase name="excuseKeyword on null(com.fsoft.selenium.testng.AppTest)" time="3.004" classname="com.fsoft.selenium.testng.AppTest"/>
  <testcase name="excuseKeyword on null(com.fsoft.selenium.testng.AppTest)" time="0.137" classname="com.fsoft.selenium.testng.AppTest"/>
  <testcase name="excuseKeyword on null(com.fsoft.selenium.testng.AppTest)" time="1.444" classname="com.fsoft.selenium.testng.AppTest"/>
  <testcase name="excuseKeyword on null(com.fsoft.selenium.testng.AppTest)" time="1.298" classname="com.fsoft.selenium.testng.AppTest"/>
  <testcase name="excuseKeyword on null(com.fsoft.selenium.testng.AppTest)" time="0.005" classname="com.fsoft.selenium.testng.AppTest"/>
  <testcase name="excuseKeyword on null(com.fsoft.selenium.testng.AppTest)" time="56.414" classname="com.fsoft.selenium.testng.AppTest"/>
  <testcase name="excuseKeyword on null(com.fsoft.selenium.testng.AppTest)" time="0.002" classname="com.fsoft.selenium.testng.AppTest"/>
</testsuite> <!-- Default test -->
